<?xml version="1.0" encoding="UTF-8"?>
<!-- Generated by org.testng.reporters.JUnitReportReporter -->
<testsuite hostname="DESKTOP-RRPSJ5H" failures="0" tests="3" name="test.ReTest" time="0.030" errors="0" timestamp="2023-03-25T15:39:37 IST" skipped="1">
  <testcase classname="test.ReTest" name="m4" time="0.022"/>
  <system-out/>
  <testcase classname="test.ReTest" name="m1" time="0.008"/>
  <system-out/>
  <testcase classname="test.ReTest" name="m2">
    <skipped/>
  </testcase> <!-- m2 -->
  <system-out/>
</testsuite> <!-- test.ReTest -->
