<?xml version="1.0" encoding="UTF-8"?>
<!-- Generated by org.testng.reporters.JUnitReportReporter -->
<testsuite hostname="DESKTOP-RRPSJ5H" failures="0" tests="1" name="test.TC1" time="0.017" errors="0" timestamp="2023-03-26T00:24:58 IST" skipped="0">
  <testcase classname="test.TC1" name="test1" time="0.017"/>
  <system-out/>
</testsuite> <!-- test.TC1 -->
