<?xml version="1.0" encoding="UTF-8"?>
<!-- Generated by org.testng.reporters.JUnitReportReporter -->
<testsuite hostname="DESKTOP-RRPSJ5H" failures="0" tests="2" name="test.ParameterExample" time="0.954" errors="0" timestamp="2023-03-26T14:11:56 IST" skipped="0">
  <testcase classname="test.ParameterExample" name="logoTest" time="0.583"/>
  <system-out/>
  <testcase classname="test.ParameterExample" name="homePageTitle" time="0.371"/>
  <system-out/>
</testsuite> <!-- test.ParameterExample -->
