<?xml version="1.0" encoding="UTF-8"?>
<!-- Generated by org.testng.reporters.JUnitReportReporter -->
<testsuite hostname="DESKTOP-RRPSJ5H" failures="0" tests="4" name="test.PriorityExample" time="0.037" errors="0" timestamp="2023-03-26T00:33:52 IST" skipped="1">
  <testcase classname="test.PriorityExample" name="firstMethod" time="0.023"/>
  <system-out/>
  <testcase classname="test.PriorityExample" name="thirdMethod" time="0.005"/>
  <system-out/>
  <testcase classname="test.PriorityExample" name="forthMethod" time="0.009"/>
  <system-out/>
  <testcase classname="test.PriorityExample" name="secondMethod">
    <skipped/>
  </testcase> <!-- secondMethod -->
  <system-out/>
</testsuite> <!-- test.PriorityExample -->
