<?xml version="1.0" encoding="UTF-8"?>
<!-- Generated by org.testng.reporters.JUnitReportReporter -->
<testsuite hostname="DESKTOP-RRPSJ5H" failures="0" tests="3" name="test.DataProviderExamle" time="0.037" errors="0" timestamp="2023-03-26T15:00:01 IST" skipped="0">
  <testcase classname="test.DataProviderExamle" name="loginTest" time="0.015"/>
  <system-out/>
  <testcase classname="test.DataProviderExamle" name="loginTest" time="0.003"/>
  <system-out/>
  <testcase classname="test.DataProviderExamle" name="loginTest" time="0.019"/>
  <system-out/>
</testsuite> <!-- test.DataProviderExamle -->
