<?xml version="1.0" encoding="UTF-8"?>
<!-- Generated by org.testng.reporters.JUnitReportReporter -->
<testsuite hostname="DESKTOP-RRPSJ5H" failures="0" tests="2" name="parellalTesting.ParellalTest1" time="24.908" errors="0" timestamp="2023-03-26T18:42:14 IST" skipped="0">
  <testcase classname="parellalTesting.ParellalTest1" name="logoTest" time="16.669"/>
  <system-out/>
  <testcase classname="parellalTesting.ParellalTest1" name="homePageTitle" time="8.239"/>
  <system-out/>
</testsuite> <!-- parellalTesting.ParellalTest1 -->
