<?xml version="1.0" encoding="UTF-8"?>
<!-- Generated by org.testng.reporters.JUnitReportReporter -->
<testsuite hostname="DESKTOP-RRPSJ5H" failures="0" tests="1" name="test.TC2" time="0.006" errors="0" timestamp="2023-03-26T00:24:58 IST" skipped="0">
  <testcase classname="test.TC2" name="test3" time="0.006"/>
  <system-out/>
</testsuite> <!-- test.TC2 -->
