<?xml version="1.0" encoding="UTF-8"?>
<!-- Generated by org.testng.reporters.JUnitReportReporter -->
<testsuite hostname="DESKTOP-RRPSJ5H" failures="0" tests="5" name="test.weekdays" time="0.031" errors="0" timestamp="2023-03-25T15:39:37 IST" skipped="0">
  <testcase classname="test.weekdays" name="day" time="0.006"/>
  <system-out/>
  <testcase classname="test.weekdays" name="dayz" time="0.009"/>
  <system-out/>
  <testcase classname="test.weekdays" name="don" time="0.002"/>
  <system-out/>
  <testcase classname="test.weekdays" name="da" time="0.003"/>
  <system-out/>
  <testcase classname="test.weekdays" name="daam" time="0.011"/>
  <system-out/>
</testsuite> <!-- test.weekdays -->
