<?xml version="1.0" encoding="UTF-8"?>
<!-- Generated by org.testng.reporters.JUnitReportReporter -->
<testsuite hostname="DESKTOP-RRPSJ5H" failures="0" tests="1" name="parellalTesting.ParellalTesting2" time="19.157" errors="0" timestamp="2023-03-26T18:42:14 IST" skipped="0">
  <testcase classname="parellalTesting.ParellalTesting2" name="loginTest" time="19.157"/>
  <system-out/>
</testsuite> <!-- parellalTesting.ParellalTesting2 -->
