<?xml version="1.0" encoding="UTF-8"?>
<!-- Generated by org.testng.reporters.JUnitReportReporter -->
<testsuite hostname="DESKTOP-RRPSJ5H" failures="0" tests="1" name="test.GroupingExample" time="0.019" errors="0" timestamp="2023-03-26T01:27:22 IST" skipped="0">
  <testcase classname="test.GroupingExample" name="test4" time="0.019"/>
  <system-out/>
</testsuite> <!-- test.GroupingExample -->
